TN:
SF:src\calculadora.js
FN:1,sumar
FN:5,restar
FNF:2
FNH:2
FNDA:1,sumar
FNDA:1,restar
DA:2,1
DA:6,1
DA:9,1
LF:3
LH:3
BRF:0
BRH:0
end_of_record
TN:
SF:src\processor.js
FN:1,processOrder
FNF:1
FNH:1
FNDA:2,processOrder
DA:2,2
DA:3,2
DA:5,2
DA:6,1
DA:7,1
DA:8,2
DA:9,1
DA:10,1
DA:12,0
DA:13,1
DA:14,0
DA:15,0
DA:16,0
DA:17,0
DA:18,0
DA:20,0
DA:21,1
DA:22,1
DA:24,0
DA:25,0
DA:26,0
DA:27,0
DA:28,0
DA:31,2
DA:32,0
DA:33,0
DA:34,0
DA:35,0
DA:38,2
DA:41,1
LF:30
LH:14
BRDA:3,0,0,0
BRDA:3,0,1,2
BRDA:5,1,0,1
BRDA:5,1,1,1
BRDA:6,2,0,1
BRDA:6,2,1,0
BRDA:6,3,0,1
BRDA:6,3,1,1
BRDA:8,4,0,1
BRDA:8,4,1,1
BRDA:9,5,0,0
BRDA:9,5,1,1
BRDA:13,6,0,0
BRDA:13,6,1,1
BRDA:14,7,0,0
BRDA:14,7,1,0
BRDA:16,8,0,0
BRDA:16,8,1,0
BRDA:17,9,0,0
BRDA:17,9,1,0
BRDA:21,10,0,1
BRDA:21,10,1,0
BRDA:24,11,0,0
BRDA:24,11,1,0
BRDA:25,12,0,0
BRDA:25,12,1,0
BRDA:26,13,0,0
BRDA:26,13,1,0
BRDA:27,14,0,0
BRDA:27,14,1,0
BRDA:28,15,0,0
BRDA:28,15,1,0
BRDA:31,16,0,0
BRDA:31,16,1,2
BRDA:32,17,0,0
BRDA:32,17,1,0
BRDA:34,18,0,0
BRDA:34,18,1,0
BRF:38
BRH:12
end_of_record
