TN:
SF:src\calculadora.js
FN:1,sumar
FN:5,restar
FNF:2
FNH:2
FNDA:1,sumar
FNDA:1,restar
DA:2,1
DA:6,1
DA:9,1
LF:3
LH:3
BRF:0
BRH:0
end_of_record
TN:
SF:src\processor.js
FN:1,calculatePremium
FN:2,(anonymous_1)
FN:9,calculateStandard
FN:10,(anonymous_3)
FN:17,applyDiscount
FN:24,fallbackFlags
FN:34,processOrder
FNF:7
FNH:7
FNDA:2,calculatePremium
FNDA:4,(anonymous_1)
FNDA:2,calculateStandard
FNDA:4,(anonymous_3)
FNDA:8,applyDiscount
FNDA:2,fallbackFlags
FNDA:5,processOrder
DA:2,2
DA:3,4
DA:4,3
DA:5,1
DA:10,2
DA:11,4
DA:12,2
DA:13,1
DA:18,8
DA:19,3
DA:20,2
DA:21,1
DA:25,2
DA:26,2
DA:27,2
DA:28,2
DA:29,2
DA:30,2
DA:31,2
DA:35,5
DA:36,5
DA:38,5
DA:40,1
DA:41,1
DA:43,1
DA:44,1
DA:46,1
DA:47,1
DA:49,2
DA:50,2
DA:53,5
DA:56,1
LF:32
LH:32
BRDA:1,0,0,0
BRDA:3,1,0,1
BRDA:3,1,1,3
BRDA:4,2,0,2
BRDA:4,2,1,1
BRDA:9,3,0,0
BRDA:11,4,0,2
BRDA:11,4,1,2
BRDA:12,5,0,1
BRDA:12,5,1,1
BRDA:18,6,0,5
BRDA:18,6,1,3
BRDA:19,7,0,1
BRDA:19,7,1,2
BRDA:20,8,0,1
BRDA:20,8,1,1
BRDA:26,9,0,1
BRDA:26,9,1,1
BRDA:27,10,0,1
BRDA:27,10,1,1
BRDA:28,11,0,0
BRDA:28,11,1,2
BRDA:29,12,0,1
BRDA:29,12,1,1
BRDA:30,13,0,1
BRDA:30,13,1,1
BRDA:35,14,0,0
BRDA:35,14,1,5
BRDA:38,15,0,1
BRDA:38,15,1,1
BRDA:38,15,2,1
BRDA:38,15,3,2
BRF:32
BRH:28
end_of_record
